#
# A fatal error has been detected by the Java Runtime Environment:
#
#  EXCEPTION_ACCESS_VIOLATION (0xc0000005) at pc=0x00007ffed7ea02a5, pid=5936, tid=12564
#
# JRE version: Java(TM) SE Runtime Environment (17.0.12+8) (build 17.0.12+8-LTS-286)
# Java VM: Java HotSpot(TM) 64-Bit Server VM (17.0.12+8-LTS-286, mixed mode, sharing, tiered, compressed oops, compressed class ptrs, g1 gc, windows-amd64)
# Problematic frame:
# V  [jvm.dll+0x6a02a5]
#
# No core dump will be written. Minidumps are not enabled by default on client versions of Windows
#
# If you would like to submit a bug report, please visit:
#   https://bugreport.java.com/bugreport/crash.jsp
#

---------------  S U M M A R Y ------------

Command Line: -Dclassworlds.conf=C:\Program Files\NetBeans-19\netbeans\java\maven\bin\m2.conf -Dmaven.home=C:\Program Files\NetBeans-19\netbeans\java\maven -Dlibrary.jansi.path=C:\Program Files\NetBeans-19\netbeans\java\maven\lib\jansi-native -Dmaven.multiModuleProjectDirectory=C:\Users\st75698\Documents\NetBeansProjects\Cviceni05 org.codehaus.plexus.classworlds.launcher.Launcher -Dexec.vmArgs= -Dexec.args=${exec.vmArgs} -classpath %classpath ${exec.mainClass} ${exec.appArgs} -Dexec.executable=C:\Program Files\Java\jdk-17\bin\java.exe -Dexec.mainClass=cz.upce.fei.cviceni05.Cviceni05 -Dexec.classpathScope=runtime -Dexec.appArgs= -Dmaven.ext.class.path=C:\Program Files\NetBeans-19\netbeans\java\maven-nblib\netbeans-eventspy.jar -Dfile.encoding=UTF-8 --no-transfer-progress process-classes org.codehaus.mojo:exec-maven-plugin:3.1.0:exec

Host: Intel(R) Core(TM) i5-7600 CPU @ 3.50GHz, 4 cores, 7G,  Windows 10 , 64 bit Build 19041 (10.0.19041.4957)
Time: Mon Oct 21 13:37:04 2024 Stindows 10 , 64 bit Build 19041 (10.0.19041.4957) elapsed time: 2.007405 seconds (0d 0h 0m 2s)

---------------  T H R E A D  ---------------

Current thread (0x00000135a8ab17d0):  JavaThread "C2 CompilerThread0" daemon [_thread_in_native, id=12564, stack(0x0000001399b00000,0x0000001399c00000)]


Current CompileTask:
C2:   2007 3549       4       jdk.internal.org.objectweb.asm.Frame::execute (2305 bytes)

Stack: [0x0000001399b00000,0x0000001399c00000],  sp=0x0000001399bfb690,  free space=1005k
Native frames: (J=compiled Java code, j=interpreted, Vv=VM code, C=native code)
V  [jvm.dll+0x6a02a5]
V  [jvm.dll+0x6a0f21]
V  [jvm.dll+0x69f10a]
V  [jvm.dll+0x2186ed]
V  [jvm.dll+0x215b65]
V  [jvm.dll+0x1a2960]
V  [jvm.dll+0x22610b]
V  [jvm.dll+0x2242ab]
V  [jvm.dll+0x79075c]
V  [jvm.dll+0x78abea]
V  [jvm.dll+0x678f35]
C  [ucrtbase.dll+0x21bb2]
C  [KERNEL32.DLL+0x17374]
C  [ntdll.dll+0x4cc91]


siginfo: EXCEPTION_ACCESS_VIOLATION (0xc0000005), reading address 0x00000135eb19ce30


Registers:
RAX=0x00000135eb19ce08, RBX=0x0000001399bfc3a0, RCX=0x000000000000000e, RDX=0x00000000000000b7
RSP=0x0000001399bfb690, RBP=0x0000001399bfb729, RSI=0x00000135a8c6c658, RDI=0x0000001399bfb720
R8 =0x000000000003dd00, R9 =0x00000135ef54ffe0, R10=0x0000000000000460, R11=0x00000135a8c18020
R12=0x0000000000000000, R13=0x0000000000000002, R14=0x0000000000000001, R15=0x00000135ef269930
RIP=0x00007ffed7ea02a5, EFLAGS=0x0000000000010206


Register to memory mapping:

RIP=0x00007ffed7ea02a5 jvm.dll
RAX=0x00000135eb19ce08 is pointing into metadata
RBX=0x0000001399bfc3a0 is pointing into the stack for thread: 0x00000135a8ab17d0
RCX=0x000000000000000e is an unknown value
RDX=0x00000000000000b7 is an unknown value
RSP=0x0000001399bfb690 is pointing into the stack for thread: 0x00000135a8ab17d0
RBP=0x0000001399bfb729 is pointing into the stack for thread: 0x00000135a8ab17d0
RSI=0x00000135a8c6c658 points into unknown readable memory: 0x00007ffed80d3058 | 58 30 0d d8 fe 7f 00 00
RDI=0x0000001399bfb720 is pointing into the stack for thread: 0x00000135a8ab17d0
R8 =0x000000000003dd00 is an unknown value
R9 =0x00000135ef54ffe0 points into unknown readable memory: 0x0000000000000000 | 00 00 00 00 00 00 00 00
R10=0x0000000000000460 is an unknown value
R11=0x00000135a8c18020 points into unknown readable memory: 0x00007ffed8057680 | 80 76 05 d8 fe 7f 00 00
R12=0x0 is NULL
R13=0x0000000000000002 is an unknown value
R14=0x0000000000000001 is an unknown value
R15=0x00000135ef269930 points into unknown readable memory: 0x00000135a8c1af20 | 20 af c1 a8 35 01 00 00


Top of Stack: (sp=0x0000001399bfb690)
0x0000001399bfb690:   00000135ee3f8b20 0000001399bfc3a0
0x0000001399bfb6a0:   00000135ef269930 0000000000000001
0x0000001399bfb6b0:   0000001399bfc3a0 00007ffed7ea0f21
0x0000001399bfb6c0:   0000000000000000 0000001399bfb729
0x0000001399bfb6d0:   0000001399bfc3a0 00000135a8c6c658
0x0000001399bfb6e0:   00000f5000000000 00000135ef269930
0x0000001399bfb6f0:   0000000000000000 00000135a8aa8140
0x0000001399bfb700:   00000135a8aa8140 0000013500002000
0x0000001399bfb710:   00000135ef7d0090 0000013500001e9f
0x0000001399bfb720:   0000013500000200 00000135ef2fffb0
0x0000001399bfb730:   0000001300000200 00000135a8aa8140
0x0000001399bfb740:   0000001300000000 0000001399bfeac8
0x0000001399bfb750:   0000001399bfeac8 0000000000000000
0x0000001399bfb760:   000001358b23a040 000001358b23a070
0x0000001399bfb770:   0000000000000022 00007ffed80e52f8
0x0000001399bfb780:   0000001399bfb8c0 00007ffed7e9f10a 

Instructions: (pc=0x00007ffed7ea02a5)
0x00007ffed7ea01a5:   a0 ff eb 04 48 89 4e 18 48 89 47 50 4c 89 20 8b
0x00007ffed7ea01b5:   6f 48 8d 73 01 85 f6 74 08 85 f3 75 04 8b d6 eb
0x00007ffed7ea01c5:   0c 0f bd ce ba 01 00 00 00 ff c1 d3 e2 48 8b 4f
0x00007ffed7ea01d5:   40 48 8d 1c ed 00 00 00 00 44 8b ca 4c 8b c3 89
0x00007ffed7ea01e5:   57 48 48 8b 57 50 49 c1 e1 03 44 89 64 24 20 e8
0x00007ffed7ea01f5:   e7 b5 a0 ff 44 8b 47 48 33 d2 44 2b c5 48 89 47
0x00007ffed7ea0205:   50 49 c1 e0 03 48 8d 0c 03 e8 5f 74 19 00 48 8b
0x00007ffed7ea0215:   47 50 8b de 4d 89 3c 06 eb 0e 48 8b 47 50 ff c3
0x00007ffed7ea0225:   4d 89 3c 06 eb 02 ff c3 3b 5f 48 0f 82 fa fe ff
0x00007ffed7ea0235:   ff 4c 8b 7c 24 68 4c 8b 74 24 60 48 8b 74 24 58
0x00007ffed7ea0245:   48 8b 6c 24 50 48 83 c4 30 41 5c 5f 5b c3 cc cc
0x00007ffed7ea0255:   cc cc cc cc cc cc cc cc cc cc cc 48 89 5c 24 08
0x00007ffed7ea0265:   57 48 83 ec 20 8b 81 90 09 00 00 48 8b fa 4c 8b
0x00007ffed7ea0275:   99 a8 09 00 00 48 8b d9 85 c0 74 4f 45 33 c0 44
0x00007ffed7ea0285:   8b d0 66 0f 1f 84 00 00 00 00 00 4c 8b 8b a0 09
0x00007ffed7ea0295:   00 00 4b 8b 04 01 48 85 c0 74 26 49 3b c3 74 21
0x00007ffed7ea02a5:   8b 48 28 8b c1 c1 e8 05 3b 07 73 11 8b d0 83 e1
0x00007ffed7ea02b5:   1f 48 8b 47 08 8b 04 90 0f a3 c8 72 04 4f 89 1c
0x00007ffed7ea02c5:   01 49 83 c0 08 49 83 ea 01 75 c0 48 8d 4b 58 33
0x00007ffed7ea02d5:   d2 41 b8 48 04 00 00 e8 91 73 19 00 48 8d 8b a0
0x00007ffed7ea02e5:   04 00 00 33 d2 41 b8 48 04 00 00 e8 7d 73 19 00
0x00007ffed7ea02f5:   48 8d 8b e8 08 00 00 33 d2 41 b8 a0 00 00 00 48
0x00007ffed7ea0305:   8b 5c 24 30 48 83 c4 20 5f e9 5f 73 19 00 cc cc
0x00007ffed7ea0315:   cc cc cc cc cc cc cc cc cc cc cc 40 53 41 55 41
0x00007ffed7ea0325:   57 48 83 ec 40 4c 8b e9 48 8b da 48 8b 49 10 48
0x00007ffed7ea0335:   89 4c 24 70 45 8b 7d 20 49 ff cf 4e 8d 3c f9 4c
0x00007ffed7ea0345:   89 7c 24 60 4c 3b f9 0f 82 cd 01 00 00 8b 15 20
0x00007ffed7ea0355:   7f 4a 00 65 48 8b 04 25 58 00 00 00 48 89 6c 24
0x00007ffed7ea0365:   68 48 89 74 24 38 48 89 7c 24 30 4c 89 64 24 28
0x00007ffed7ea0375:   4c 8d 24 d0 4c 89 74 24 20 66 90 49 8b 3f 33 ed
0x00007ffed7ea0385:   33 f6 44 8b 47 1c 45 85 c0 0f 84 5b 01 00 00 41
0x00007ffed7ea0395:   bf 50 00 00 00 66 0f 1f 44 00 00 4c 8b 57 08 4c 


Stack slot to memory mapping:
stack at sp + 0 slots: 0x00000135ee3f8b20 points into unknown readable memory: 0x00007ffed80bcf48 | 48 cf 0b d8 fe 7f 00 00
stack at sp + 1 slots: 0x0000001399bfc3a0 is pointing into the stack for thread: 0x00000135a8ab17d0
stack at sp + 2 slots: 0x00000135ef269930 points into unknown readable memory: 0x00000135a8c1af20 | 20 af c1 a8 35 01 00 00
stack at sp + 3 slots: 0x0000000000000001 is an unknown value
stack at sp + 4 slots: 0x0000001399bfc3a0 is pointing into the stack for thread: 0x00000135a8ab17d0
stack at sp + 5 slots: 0x00007ffed7ea0f21 jvm.dll
stack at sp + 6 slots: 0x0 is NULL
stack at sp + 7 slots: 0x0000001399bfb729 is pointing into the stack for thread: 0x00000135a8ab17d0


---------------  P R O C E S S  ---------------

Threads class SMR info:
_java_thread_list=0x00000135ee58a640, length=13, elements={
0x000001358b1cb3f0, 0x00000135a8a95c50, 0x00000135a8a969e0, 0x00000135a8aa9ba0,
0x00000135a8aac480, 0x00000135a8aacd50, 0x00000135a8aad620, 0x00000135a8ab17d0,
0x00000135a8abc1b0, 0x00000135a8ac82b0, 0x00000135a8ceafe0, 0x00000135a8ced350,
0x00000135ee53a920
}

Java Threads: ( => current thread )
  0x000001358b1cb3f0 JavaThread "main" [_thread_blocked, id=856, stack(0x0000001398e00000,0x0000001398f00000)]
  0x00000135a8a95c50 JavaThread "Reference Handler" daemon [_thread_blocked, id=2928, stack(0x0000001399500000,0x0000001399600000)]
  0x00000135a8a969e0 JavaThread "Finalizer" daemon [_thread_blocked, id=236, stack(0x0000001399600000,0x0000001399700000)]
  0x00000135a8aa9ba0 JavaThread "Signal Dispatcher" daemon [_thread_blocked, id=7588, stack(0x0000001399700000,0x0000001399800000)]
  0x00000135a8aac480 JavaThread "Attach Listener" daemon [_thread_blocked, id=3784, stack(0x0000001399800000,0x0000001399900000)]
  0x00000135a8aacd50 JavaThread "Service Thread" daemon [_thread_blocked, id=6480, stack(0x0000001399900000,0x0000001399a00000)]
  0x00000135a8aad620 JavaThread "Monitor Deflation Thread" daemon [_thread_blocked, id=8276, stack(0x0000001399a00000,0x0000001399b00000)]
=>0x00000135a8ab17d0 JavaThread "C2 CompilerThread0" daemon [_thread_in_native, id=12564, stack(0x0000001399b00000,0x0000001399c00000)]
  0x00000135a8abc1b0 JavaThread "C1 CompilerThread0" daemon [_thread_blocked, id=13836, stack(0x0000001399c00000,0x0000001399d00000)]
  0x00000135a8ac82b0 JavaThread "Sweeper thread" daemon [_thread_blocked, id=3516, stack(0x0000001399d00000,0x0000001399e00000)]
  0x00000135a8ceafe0 JavaThread "Notification Thread" daemon [_thread_blocked, id=10796, stack(0x0000001399e00000,0x0000001399f00000)]
  0x00000135a8ced350 JavaThread "Common-Cleaner" daemon [_thread_blocked, id=3864, stack(0x000000139a000000,0x000000139a100000)]
  0x00000135ee53a920 JavaThread "C2 CompilerThread1" daemon [_thread_blocked, id=12612, stack(0x000000139a400000,0x000000139a500000)]

Other Threads:
  0x00000135a8a91930 VMThread "VM Thread" [stack: 0x0000001399400000,0x0000001399500000] [id=7852]
  0x000001358b241350 WatcherThread [stack: 0x0000001399f00000,0x000000139a000000] [id=3112]
  0x000001358b224650 GCTaskThread "GC Thread#0" [stack: 0x0000001398f00000,0x0000001399000000] [id=11024]
  0x00000135ee4cf0d0 GCTaskThread "GC Thread#1" [stack: 0x000000139a100000,0x000000139a200000] [id=8660]
  0x00000135a8da5f10 GCTaskThread "GC Thread#2" [stack: 0x000000139a200000,0x000000139a300000] [id=13724]
  0x00000135ee4cb980 GCTaskThread "GC Thread#3" [stack: 0x000000139a300000,0x000000139a400000] [id=13924]
  0x000001358b237110 ConcurrentGCThread "G1 Main Marker" [stack: 0x0000001399000000,0x0000001399100000] [id=6728]
  0x000001358b2381d0 ConcurrentGCThread "G1 Conc#0" [stack: 0x0000001399100000,0x0000001399200000] [id=5652]
  0x000001358b29ec40 ConcurrentGCThread "G1 Refine#0" [stack: 0x0000001399200000,0x0000001399300000] [id=9840]
  0x00000135a892c770 ConcurrentGCThread "G1 Service" [stack: 0x0000001399300000,0x0000001399400000] [id=8432]

Threads with active compile tasks:
C2 CompilerThread0     2050 3549       4       jdk.internal.org.objectweb.asm.Frame::execute (2305 bytes)
C1 CompilerThread0     2050 3597       3       com.sun.tools.javac.util.Context::get (82 bytes)
C2 CompilerThread1     2050 3588   !   4       jdk.internal.loader.BuiltinClassLoader::loadClassOrNull (143 bytes)

VM state: at safepoint (normal execution)

VM Mutex/Monitor currently owned by a thread:  ([mutex/lock_event])
[0x000001358b1c6fa0] Threads_lock - owner thread: 0x00000135a8a91930
[0x000001358b1c74b0] Heap_lock - owner thread: 0x000001358b1cb3f0

Heap address: 0x0000000081e00000, size: 2018 MB, Compressed Oops mode: 32-bit

CDS archive(s) mapped at: [0x00000135a9000000-0x00000135a9bd0000-0x00000135a9bd0000), size 12386304, SharedBaseAddress: 0x00000135a9000000, ArchiveRelocationMode: 1.
Compressed class space mapped at: 0x00000135aa000000-0x00000135ea000000, reserved size: 1073741824
Narrow klass base: 0x00000135a9000000, Narrow klass shift: 0, Narrow klass range: 0x100000000

GC Precious Log:
 CPUs: 4 total, 4 available
 Memory: 8067M
 Large Page Support: Disabled
 NUMA Support: Disabled
 Compressed Oops: Enabled (32-bit)
 Heap Region Size: 1M
 Heap Min Capacity: 8M
 Heap Initial Capacity: 128M
 Heap Max Capacity: 2018M
 Pre-touch: Disabled
 Parallel Workers: 4
 Concurrent Workers: 1
 Concurrent Refinement Workers: 4
 Periodic GC: Disabled

Heap:
 garbage-first heap   total 131072K, used 17370K [0x0000000081e00000, 0x0000000100000000)
  region size 1024K, 10 young (10240K), 2 survivors (2048K)
 Metaspace       used 21266K, committed 21504K, reserved 1114112K
  class space    used 2576K, committed 2688K, reserved 1048576K

Heap Regions: E=young(eden), S=young(survivor), O=old, HS=humongous(starts), HC=humongous(continues), CS=collection set, F=free, OA=open archive, CA=closed archive, TAMS=top-at-mark-start (previous, next)
|   0|0x0000000081e00000, 0x0000000081f00000, 0x0000000081f00000|100%| O|  |TAMS 0x0000000081e00000, 0x0000000081f00000| Untracked 
|   1|0x0000000081f00000, 0x0000000082000000, 0x0000000082000000|100%| O|  |TAMS 0x0000000081f00000, 0x0000000082000000| Untracked 
|   2|0x0000000082000000, 0x0000000082100000, 0x0000000082100000|100%| O|  |TAMS 0x0000000082000000, 0x0000000082100000| Untracked 
|   3|0x0000000082100000, 0x0000000082200000, 0x0000000082200000|100%| O|  |TAMS 0x0000000082100000, 0x0000000082148000| Untracked 
|   4|0x0000000082200000, 0x0000000082300000, 0x0000000082300000|100%| O|  |TAMS 0x0000000082200000, 0x0000000082200000| Untracked 
|   5|0x0000000082300000, 0x0000000082400000, 0x0000000082400000|100%| O|  |TAMS 0x0000000082300000, 0x0000000082300000| Untracked 
|   6|0x0000000082400000, 0x0000000082500000, 0x0000000082500000|100%| O|  |TAMS 0x0000000082400000, 0x0000000082400000| Untracked 
|   7|0x0000000082500000, 0x0000000082600000, 0x0000000082600000|100%| O|  |TAMS 0x0000000082500000, 0x0000000082500000| Untracked 
|   8|0x0000000082600000, 0x00000000826d6000, 0x0000000082700000| 85%| O|  |TAMS 0x0000000082600000, 0x0000000082600000| Untracked 
|   9|0x0000000082700000, 0x0000000082700000, 0x0000000082800000|  0%| F|  |TAMS 0x0000000082700000, 0x0000000082700000| Untracked 
|  10|0x0000000082800000, 0x0000000082800000, 0x0000000082900000|  0%| F|  |TAMS 0x0000000082800000, 0x0000000082800000| Untracked 
|  11|0x0000000082900000, 0x0000000082900000, 0x0000000082a00000|  0%| F|  |TAMS 0x0000000082900000, 0x0000000082900000| Untracked 
|  12|0x0000000082a00000, 0x0000000082a00000, 0x0000000082b00000|  0%| F|  |TAMS 0x0000000082a00000, 0x0000000082a00000| Untracked 
|  13|0x0000000082b00000, 0x0000000082b00000, 0x0000000082c00000|  0%| F|  |TAMS 0x0000000082b00000, 0x0000000082b00000| Untracked 
|  14|0x0000000082c00000, 0x0000000082c00000, 0x0000000082d00000|  0%| F|  |TAMS 0x0000000082c00000, 0x0000000082c00000| Untracked 
|  15|0x0000000082d00000, 0x0000000082d00000, 0x0000000082e00000|  0%| F|  |TAMS 0x0000000082d00000, 0x0000000082d00000| Untracked 
|  16|0x0000000082e00000, 0x0000000082e00000, 0x0000000082f00000|  0%| F|  |TAMS 0x0000000082e00000, 0x0000000082e00000| Untracked 
|  17|0x0000000082f00000, 0x0000000082f00000, 0x0000000083000000|  0%| F|  |TAMS 0x0000000082f00000, 0x0000000082f00000| Untracked 
|  18|0x0000000083000000, 0x0000000083000000, 0x0000000083100000|  0%| F|  |TAMS 0x0000000083000000, 0x0000000083000000| Untracked 
|  19|0x0000000083100000, 0x0000000083100000, 0x0000000083200000|  0%| F|  |TAMS 0x0000000083100000, 0x0000000083100000| Untracked 
|  20|0x0000000083200000, 0x0000000083200000, 0x0000000083300000|  0%| F|  |TAMS 0x0000000083200000, 0x0000000083200000| Untracked 
|  21|0x0000000083300000, 0x0000000083300000, 0x0000000083400000|  0%| F|  |TAMS 0x0000000083300000, 0x0000000083300000| Untracked 
|  22|0x0000000083400000, 0x0000000083400000, 0x0000000083500000|  0%| F|  |TAMS 0x0000000083400000, 0x0000000083400000| Untracked 
|  23|0x0000000083500000, 0x0000000083500000, 0x0000000083600000|  0%| F|  |TAMS 0x0000000083500000, 0x0000000083500000| Untracked 
|  24|0x0000000083600000, 0x0000000083600000, 0x0000000083700000|  0%| F|  |TAMS 0x0000000083600000, 0x0000000083600000| Untracked 
|  25|0x0000000083700000, 0x0000000083700000, 0x0000000083800000|  0%| F|  |TAMS 0x0000000083700000, 0x0000000083700000| Untracked 
|  26|0x0000000083800000, 0x0000000083800000, 0x0000000083900000|  0%| F|  |TAMS 0x0000000083800000, 0x0000000083800000| Untracked 
|  27|0x0000000083900000, 0x0000000083900000, 0x0000000083a00000|  0%| F|  |TAMS 0x0000000083900000, 0x0000000083900000| Untracked 
|  28|0x0000000083a00000, 0x0000000083a00000, 0x0000000083b00000|  0%| F|  |TAMS 0x0000000083a00000, 0x0000000083a00000| Untracked 
|  29|0x0000000083b00000, 0x0000000083b00000, 0x0000000083c00000|  0%| F|  |TAMS 0x0000000083b00000, 0x0000000083b00000| Untracked 
|  30|0x0000000083c00000, 0x0000000083c00000, 0x0000000083d00000|  0%| F|  |TAMS 0x0000000083c00000, 0x0000000083c00000| Untracked 
|  31|0x0000000083d00000, 0x0000000083d00000, 0x0000000083e00000|  0%| F|  |TAMS 0x0000000083d00000, 0x0000000083d00000| Untracked 
|  32|0x0000000083e00000, 0x0000000083e00000, 0x0000000083f00000|  0%| F|  |TAMS 0x0000000083e00000, 0x0000000083e00000| Untracked 
|  33|0x0000000083f00000, 0x0000000083f00000, 0x0000000084000000|  0%| F|  |TAMS 0x0000000083f00000, 0x0000000083f00000| Untracked 
|  34|0x0000000084000000, 0x0000000084000000, 0x0000000084100000|  0%| F|  |TAMS 0x0000000084000000, 0x0000000084000000| Untracked 
|  35|0x0000000084100000, 0x0000000084100000, 0x0000000084200000|  0%| F|  |TAMS 0x0000000084100000, 0x0000000084100000| Untracked 
|  36|0x0000000084200000, 0x0000000084200000, 0x0000000084300000|  0%| F|  |TAMS 0x0000000084200000, 0x0000000084200000| Untracked 
|  37|0x0000000084300000, 0x0000000084300000, 0x0000000084400000|  0%| F|  |TAMS 0x0000000084300000, 0x0000000084300000| Untracked 
|  38|0x0000000084400000, 0x0000000084400000, 0x0000000084500000|  0%| F|  |TAMS 0x0000000084400000, 0x0000000084400000| Untracked 
|  39|0x0000000084500000, 0x0000000084500000, 0x0000000084600000|  0%| F|  |TAMS 0x0000000084500000, 0x0000000084500000| Untracked 
|  40|0x0000000084600000, 0x0000000084600000, 0x0000000084700000|  0%| F|  |TAMS 0x0000000084600000, 0x0000000084600000| Untracked 
|  41|0x0000000084700000, 0x0000000084700000, 0x0000000084800000|  0%| F|  |TAMS 0x0000000084700000, 0x0000000084700000| Untracked 
|  42|0x0000000084800000, 0x0000000084800000, 0x0000000084900000|  0%| F|  |TAMS 0x0000000084800000, 0x0000000084800000| Untracked 
|  43|0x0000000084900000, 0x0000000084900000, 0x0000000084a00000|  0%| F|  |TAMS 0x0000000084900000, 0x0000000084900000| Untracked 
|  44|0x0000000084a00000, 0x0000000084a00000, 0x0000000084b00000|  0%| F|  |TAMS 0x0000000084a00000, 0x0000000084a00000| Untracked 
|  45|0x0000000084b00000, 0x0000000084b00000, 0x0000000084c00000|  0%| F|  |TAMS 0x0000000084b00000, 0x0000000084b00000| Untracked 
|  46|0x0000000084c00000, 0x0000000084c00000, 0x0000000084d00000|  0%| F|  |TAMS 0x0000000084c00000, 0x0000000084c00000| Untracked 
|  47|0x0000000084d00000, 0x0000000084d00000, 0x0000000084e00000|  0%| F|  |TAMS 0x0000000084d00000, 0x0000000084d00000| Untracked 
|  48|0x0000000084e00000, 0x0000000084e00000, 0x0000000084f00000|  0%| F|  |TAMS 0x0000000084e00000, 0x0000000084e00000| Untracked 
|  49|0x0000000084f00000, 0x0000000084f00000, 0x0000000085000000|  0%| F|  |TAMS 0x0000000084f00000, 0x0000000084f00000| Untracked 
|  50|0x0000000085000000, 0x0000000085000000, 0x0000000085100000|  0%| F|  |TAMS 0x0000000085000000, 0x0000000085000000| Untracked 
|  51|0x0000000085100000, 0x0000000085100000, 0x0000000085200000|  0%| F|  |TAMS 0x0000000085100000, 0x0000000085100000| Untracked 
|  52|0x0000000085200000, 0x0000000085200000, 0x0000000085300000|  0%| F|  |TAMS 0x0000000085200000, 0x0000000085200000| Untracked 
|  53|0x0000000085300000, 0x0000000085300000, 0x0000000085400000|  0%| F|  |TAMS 0x0000000085300000, 0x0000000085300000| Untracked 
|  54|0x0000000085400000, 0x0000000085400000, 0x0000000085500000|  0%| F|  |TAMS 0x0000000085400000, 0x0000000085400000| Untracked 
|  55|0x0000000085500000, 0x0000000085500000, 0x0000000085600000|  0%| F|  |TAMS 0x0000000085500000, 0x0000000085500000| Untracked 
|  56|0x0000000085600000, 0x0000000085600000, 0x0000000085700000|  0%| F|  |TAMS 0x0000000085600000, 0x0000000085600000| Untracked 
|  57|0x0000000085700000, 0x0000000085700000, 0x0000000085800000|  0%| F|  |TAMS 0x0000000085700000, 0x0000000085700000| Untracked 
|  58|0x0000000085800000, 0x0000000085800000, 0x0000000085900000|  0%| F|  |TAMS 0x0000000085800000, 0x0000000085800000| Untracked 
|  59|0x0000000085900000, 0x0000000085900000, 0x0000000085a00000|  0%| F|  |TAMS 0x0000000085900000, 0x0000000085900000| Untracked 
|  60|0x0000000085a00000, 0x0000000085a00000, 0x0000000085b00000|  0%| F|  |TAMS 0x0000000085a00000, 0x0000000085a00000| Untracked 
|  61|0x0000000085b00000, 0x0000000085b00000, 0x0000000085c00000|  0%| F|  |TAMS 0x0000000085b00000, 0x0000000085b00000| Untracked 
|  62|0x0000000085c00000, 0x0000000085c00000, 0x0000000085d00000|  0%| F|  |TAMS 0x0000000085c00000, 0x0000000085c00000| Untracked 
|  63|0x0000000085d00000, 0x0000000085d00000, 0x0000000085e00000|  0%| F|  |TAMS 0x0000000085d00000, 0x0000000085d00000| Untracked 
|  64|0x0000000085e00000, 0x0000000085e00000, 0x0000000085f00000|  0%| F|  |TAMS 0x0000000085e00000, 0x0000000085e00000| Untracked 
|  65|0x0000000085f00000, 0x0000000085f00000, 0x0000000086000000|  0%| F|  |TAMS 0x0000000085f00000, 0x0000000085f00000| Untracked 
|  66|0x0000000086000000, 0x0000000086000000, 0x0000000086100000|  0%| F|  |TAMS 0x0000000086000000, 0x0000000086000000| Untracked 
|  67|0x0000000086100000, 0x0000000086100000, 0x0000000086200000|  0%| F|  |TAMS 0x0000000086100000, 0x0000000086100000| Untracked 
|  68|0x0000000086200000, 0x0000000086200000, 0x0000000086300000|  0%| F|  |TAMS 0x0000000086200000, 0x0000000086200000| Untracked 
|  69|0x0000000086300000, 0x0000000086300000, 0x0000000086400000|  0%| F|  |TAMS 0x0000000086300000, 0x0000000086300000| Untracked 
|  70|0x0000000086400000, 0x0000000086400000, 0x0000000086500000|  0%| F|  |TAMS 0x0000000086400000, 0x0000000086400000| Untracked 
|  71|0x0000000086500000, 0x0000000086500000, 0x0000000086600000|  0%| F|  |TAMS 0x0000000086500000, 0x0000000086500000| Untracked 
|  72|0x0000000086600000, 0x0000000086600000, 0x0000000086700000|  0%| F|  |TAMS 0x0000000086600000, 0x0000000086600000| Untracked 
|  73|0x0000000086700000, 0x0000000086700000, 0x0000000086800000|  0%| F|  |TAMS 0x0000000086700000, 0x0000000086700000| Untracked 
|  74|0x0000000086800000, 0x0000000086800000, 0x0000000086900000|  0%| F|  |TAMS 0x0000000086800000, 0x0000000086800000| Untracked 
|  75|0x0000000086900000, 0x0000000086900000, 0x0000000086a00000|  0%| F|  |TAMS 0x0000000086900000, 0x0000000086900000| Untracked 
|  76|0x0000000086a00000, 0x0000000086a00000, 0x0000000086b00000|  0%| F|  |TAMS 0x0000000086a00000, 0x0000000086a00000| Untracked 
|  77|0x0000000086b00000, 0x0000000086b00000, 0x0000000086c00000|  0%| F|  |TAMS 0x0000000086b00000, 0x0000000086b00000| Untracked 
|  78|0x0000000086c00000, 0x0000000086c00000, 0x0000000086d00000|  0%| F|  |TAMS 0x0000000086c00000, 0x0000000086c00000| Untracked 
|  79|0x0000000086d00000, 0x0000000086d00000, 0x0000000086e00000|  0%| F|  |TAMS 0x0000000086d00000, 0x0000000086d00000| Untracked 
|  80|0x0000000086e00000, 0x0000000086e00000, 0x0000000086f00000|  0%| F|  |TAMS 0x0000000086e00000, 0x0000000086e00000| Untracked 
|  81|0x0000000086f00000, 0x0000000086f00000, 0x0000000087000000|  0%| F|  |TAMS 0x0000000086f00000, 0x0000000086f00000| Untracked 
|  82|0x0000000087000000, 0x0000000087000000, 0x0000000087100000|  0%| F|  |TAMS 0x0000000087000000, 0x0000000087000000| Untracked 
|  83|0x0000000087100000, 0x0000000087100000, 0x0000000087200000|  0%| F|  |TAMS 0x0000000087100000, 0x0000000087100000| Untracked 
|  84|0x0000000087200000, 0x0000000087200000, 0x0000000087300000|  0%| F|  |TAMS 0x0000000087200000, 0x0000000087200000| Untracked 
|  85|0x0000000087300000, 0x0000000087300000, 0x0000000087400000|  0%| F|  |TAMS 0x0000000087300000, 0x0000000087300000| Untracked 
|  86|0x0000000087400000, 0x0000000087400000, 0x0000000087500000|  0%| F|  |TAMS 0x0000000087400000, 0x0000000087400000| Untracked 
|  87|0x0000000087500000, 0x0000000087500000, 0x0000000087600000|  0%| F|  |TAMS 0x0000000087500000, 0x0000000087500000| Untracked 
|  88|0x0000000087600000, 0x0000000087600000, 0x0000000087700000|  0%| F|  |TAMS 0x0000000087600000, 0x0000000087600000| Untracked 
|  89|0x0000000087700000, 0x0000000087700000, 0x0000000087800000|  0%| F|  |TAMS 0x0000000087700000, 0x0000000087700000| Untracked 
|  90|0x0000000087800000, 0x0000000087800000, 0x0000000087900000|  0%| F|  |TAMS 0x0000000087800000, 0x0000000087800000| Untracked 
|  91|0x0000000087900000, 0x0000000087900000, 0x0000000087a00000|  0%| F|  |TAMS 0x0000000087900000, 0x0000000087900000| Untracked 
|  92|0x0000000087a00000, 0x0000000087a00000, 0x0000000087b00000|  0%| F|  |TAMS 0x0000000087a00000, 0x0000000087a00000| Untracked 
|  93|0x0000000087b00000, 0x0000000087b00000, 0x0000000087c00000|  0%| F|  |TAMS 0x0000000087b00000, 0x0000000087b00000| Untracked 
|  94|0x0000000087c00000, 0x0000000087c00000, 0x0000000087d00000|  0%| F|  |TAMS 0x0000000087c00000, 0x0000000087c00000| Untracked 
|  95|0x0000000087d00000, 0x0000000087d00000, 0x0000000087e00000|  0%| F|  |TAMS 0x0000000087d00000, 0x0000000087d00000| Untracked 
|  96|0x0000000087e00000, 0x0000000087e00000, 0x0000000087f00000|  0%| F|  |TAMS 0x0000000087e00000, 0x0000000087e00000| Untracked 
|  97|0x0000000087f00000, 0x0000000087f00000, 0x0000000088000000|  0%| F|  |TAMS 0x0000000087f00000, 0x0000000087f00000| Untracked 
|  98|0x0000000088000000, 0x0000000088000000, 0x0000000088100000|  0%| F|  |TAMS 0x0000000088000000, 0x0000000088000000| Untracked 
|  99|0x0000000088100000, 0x0000000088100000, 0x0000000088200000|  0%| F|  |TAMS 0x0000000088100000, 0x0000000088100000| Untracked 
| 100|0x0000000088200000, 0x0000000088200000, 0x0000000088300000|  0%| F|  |TAMS 0x0000000088200000, 0x0000000088200000| Untracked 
| 101|0x0000000088300000, 0x0000000088300000, 0x0000000088400000|  0%| F|  |TAMS 0x0000000088300000, 0x0000000088300000| Untracked 
| 102|0x0000000088400000, 0x0000000088400000, 0x0000000088500000|  0%| F|  |TAMS 0x0000000088400000, 0x0000000088400000| Untracked 
| 103|0x0000000088500000, 0x0000000088500000, 0x0000000088600000|  0%| F|  |TAMS 0x0000000088500000, 0x0000000088500000| Untracked 
| 104|0x0000000088600000, 0x0000000088600000, 0x0000000088700000|  0%| F|  |TAMS 0x0000000088600000, 0x0000000088600000| Untracked 
| 105|0x0000000088700000, 0x0000000088700000, 0x0000000088800000|  0%| F|  |TAMS 0x0000000088700000, 0x0000000088700000| Untracked 
| 106|0x0000000088800000, 0x0000000088800000, 0x0000000088900000|  0%| F|  |TAMS 0x0000000088800000, 0x0000000088800000| Untracked 
| 107|0x0000000088900000, 0x0000000088900000, 0x0000000088a00000|  0%| F|  |TAMS 0x0000000088900000, 0x0000000088900000| Untracked 
| 108|0x0000000088a00000, 0x0000000088a00000, 0x0000000088b00000|  0%| F|  |TAMS 0x0000000088a00000, 0x0000000088a00000| Untracked 
| 109|0x0000000088b00000, 0x0000000088b00000, 0x0000000088c00000|  0%| F|  |TAMS 0x0000000088b00000, 0x0000000088b00000| Untracked 
| 110|0x0000000088c00000, 0x0000000088c00000, 0x0000000088d00000|  0%| F|  |TAMS 0x0000000088c00000, 0x0000000088c00000| Untracked 
| 111|0x0000000088d00000, 0x0000000088d00000, 0x0000000088e00000|  0%| F|  |TAMS 0x0000000088d00000, 0x0000000088d00000| Untracked 
| 112|0x0000000088e00000, 0x0000000088e00000, 0x0000000088f00000|  0%| F|  |TAMS 0x0000000088e00000, 0x0000000088e00000| Untracked 
| 113|0x0000000088f00000, 0x0000000088f00000, 0x0000000089000000|  0%| F|  |TAMS 0x0000000088f00000, 0x0000000088f00000| Untracked 
| 114|0x0000000089000000, 0x0000000089000000, 0x0000000089100000|  0%| F|  |TAMS 0x0000000089000000, 0x0000000089000000| Untracked 
| 115|0x0000000089100000, 0x0000000089100000, 0x0000000089200000|  0%| F|  |TAMS 0x0000000089100000, 0x0000000089100000| Untracked 
| 116|0x0000000089200000, 0x0000000089200000, 0x0000000089300000|  0%| F|  |TAMS 0x0000000089200000, 0x0000000089200000| Untracked 
| 117|0x0000000089300000, 0x0000000089300000, 0x0000000089400000|  0%| F|  |TAMS 0x0000000089300000, 0x0000000089300000| Untracked 
| 118|0x0000000089400000, 0x00000000894eac10, 0x0000000089500000| 91%| S|CS|TAMS 0x0000000089400000, 0x0000000089400000| Complete 
| 119|0x0000000089500000, 0x0000000089600000, 0x0000000089600000|100%| S|CS|TAMS 0x0000000089500000, 0x0000000089500000| Complete 
| 120|0x0000000089600000, 0x0000000089600000, 0x0000000089700000|  0%| F|  |TAMS 0x0000000089600000, 0x0000000089600000| Untracked 
| 121|0x0000000089700000, 0x0000000089700000, 0x0000000089800000|  0%| F|  |TAMS 0x0000000089700000, 0x0000000089700000| Untracked 
| 122|0x0000000089800000, 0x0000000089800000, 0x0000000089900000|  0%| F|  |TAMS 0x0000000089800000, 0x0000000089800000| Untracked 
| 123|0x0000000089900000, 0x0000000089900000, 0x0000000089a00000|  0%| F|  |TAMS 0x0000000089900000, 0x0000000089900000| Untracked 
| 124|0x0000000089a00000, 0x0000000089a00000, 0x0000000089b00000|  0%| F|  |TAMS 0x0000000089a00000, 0x0000000089a00000| Untracked 
| 125|0x0000000089b00000, 0x0000000089b00000, 0x0000000089c00000|  0%| F|  |TAMS 0x0000000089b00000, 0x0000000089b00000| Untracked 
| 126|0x0000000089c00000, 0x0000000089c00000, 0x0000000089d00000|  0%| F|  |TAMS 0x0000000089c00000, 0x0000000089c00000| Untracked 
| 127|0x0000000089d00000, 0x0000000089d80000, 0x0000000089e00000| 50%| E|  |TAMS 0x0000000089d00000, 0x0000000089d00000| Complete 

Card table byte_map: [0x00000135a1e90000,0x00000135a2290000] _byte_map_base: 0x00000135a1a81000

Marking Bits (Prev, Next): (CMBitMap*) 0x000001358b225b90, (CMBitMap*) 0x000001358b225bd0
 Prev Bits: [0x00000135a2690000, 0x00000135a4618000)
 Next Bits: [0x00000135a4620000, 0x00000135a65a8000)

Polling page: 0x000001358a9a0000

Metaspace:

Usage:
  Non-class:     18.35 MB used.
      Class:      2.52 MB used.
       Both:     20.87 MB used.

Virtual space:
  Non-class space:       64.00 MB reserved,      18.50 MB ( 29%) committed,  1 nodes.
      Class space:        1.00 GB reserved,       2.62 MB ( <1%) committed,  1 nodes.
             Both:        1.06 GB reserved,      21.12 MB (  2%) committed. 

Chunk freelists:
   Non-Class:  13.09 MB
       Class:  13.25 MB
        Both:  26.34 MB

MaxMetaspaceSize: unlimited
CompressedClassSpaceSize: 1.00 GB
Initial GC threshold: 21.00 MB
Current GC threshold: 21.31 MB
CDS: on
MetaspaceReclaimPolicy: balanced
 - commit_granule_bytes: 65536.
 - commit_granule_words: 8192.
 - virtual_space_node_default_size: 8388608.
 - enlarge_chunks_in_place: 1.
 - new_chunks_are_fully_committed: 0.
 - uncommit_free_chunks: 1.
 - use_allocation_guard: 0.
 - handle_deallocations: 1.


Internal statistics:

num_allocs_failed_limit: 3.
num_arena_births: 128.
num_arena_deaths: 0.
num_vsnodes_births: 2.
num_vsnodes_deaths: 0.
num_space_committed: 338.
num_space_uncommitted: 0.
num_chunks_returned_to_freelist: 3.
num_chunks_taken_from_freelist: 892.
num_chunk_merges: 3.
num_chunk_splits: 639.
num_chunks_enlarged: 504.
num_inconsistent_stats: 0.

CodeHeap 'non-profiled nmethods': size=120000Kb used=1533Kb max_used=1533Kb free=118467Kb
 bounds [0x000001359a560000, 0x000001359a7d0000, 0x00000135a1a90000]
CodeHeap 'profiled nmethods': size=120000Kb used=7255Kb max_used=7255Kb free=112745Kb
 bounds [0x0000013592a90000, 0x00000135931b0000, 0x0000013599fc0000]
CodeHeap 'non-nmethods': size=5760Kb used=1188Kb max_used=1223Kb free=4571Kb
 bounds [0x0000013599fc0000, 0x000001359a230000, 0x000001359a560000]
 total_blobs=4077 nmethods=3593 adapters=396
 compilation: enabled
              stopped_count=0, restarted_count=0
 full_count=0

Compilation events (20 events):
Event: 1.970 Thread 0x00000135a8abc1b0 nmethod 3575 0x0000013593197a10 code [0x0000013593197bc0, 0x0000013593197dc8]
Event: 1.970 Thread 0x00000135a8abc1b0 3577       3       jdk.internal.jimage.ImageLocation::verify (38 bytes)
Event: 1.970 Thread 0x00000135a8abc1b0 nmethod 3577 0x0000013593197f10 code [0x0000013593198120, 0x00000135931986e8]
Event: 1.970 Thread 0x00000135a8abc1b0 3574   !   3       jdk.internal.jimage.BasicImageReader::getResourceBuffer (203 bytes)
Event: 1.971 Thread 0x00000135a8abc1b0 nmethod 3574 0x0000013593198990 code [0x0000013593198da0, 0x000001359319a6c8]
Event: 1.971 Thread 0x00000135a8abc1b0 3578       3       java.nio.MappedByteBuffer::limit (6 bytes)
Event: 1.971 Thread 0x00000135a8abc1b0 nmethod 3578 0x000001359319b190 code [0x000001359319b340, 0x000001359319b548]
Event: 1.971 Thread 0x00000135a8abc1b0 3579       3       jdk.internal.loader.BuiltinClassLoader$LoadedModule::codeSourceURL (32 bytes)
Event: 1.971 Thread 0x00000135a8abc1b0 nmethod 3579 0x000001359319b690 code [0x000001359319b840, 0x000001359319bb68]
Event: 1.971 Thread 0x00000135a8abc1b0 3580       3       java.nio.DirectByteBufferR::slice (5 bytes)
Event: 1.971 Thread 0x00000135a8abc1b0 nmethod 3580 0x000001359319bd10 code [0x000001359319bec0, 0x000001359319c008]
Event: 1.971 Thread 0x00000135a8abc1b0 3581       3       jdk.internal.jimage.ImageLocation::getCompressedSize (7 bytes)
Event: 1.971 Thread 0x00000135a8abc1b0 nmethod 3581 0x000001359319c090 code [0x000001359319c220, 0x000001359319c368]
Event: 1.971 Thread 0x00000135a8abc1b0 3582       3       java.security.SecureClassLoader::defineClass (12 bytes)
Event: 1.972 Thread 0x00000135a8abc1b0 nmethod 3582 0x000001359319c410 code [0x000001359319c5c0, 0x000001359319c758]
Event: 1.983 Thread 0x00000135ee53a920 3583       4       java.lang.Class::reflectionData (43 bytes)
Event: 1.991 Thread 0x00000135ee53a920 nmethod 3583 0x000001359a6dde10 code [0x000001359a6ddfe0, 0x000001359a6de818]
Event: 1.991 Thread 0x00000135ee53a920 3584       4       java.lang.ClassLoader::getClassLoadingLock (35 bytes)
Event: 1.992 Thread 0x00000135ee53a920 nmethod 3584 0x000001359a6deb10 code [0x000001359a6deca0, 0x000001359a6dede8]
Event: 1.997 Thread 0x00000135a8abc1b0 3585   !   3       jdk.internal.loader.BuiltinClassLoader::defineClass (162 bytes)

GC Heap History (6 events):
Event: 0.312 GC heap before
{Heap before GC invocations=0 (full 0):
 garbage-first heap   total 131072K, used 12288K [0x0000000081e00000, 0x0000000100000000)
  region size 1024K, 13 young (13312K), 0 survivors (0K)
 Metaspace       used 3671K, committed 3840K, reserved 1114112K
  class space    used 402K, committed 448K, reserved 1048576K
}
Event: 0.315 GC heap after
{Heap after GC invocations=1 (full 0):
 garbage-first heap   total 131072K, used 3296K [0x0000000081e00000, 0x0000000100000000)
  region size 1024K, 2 young (2048K), 2 survivors (2048K)
 Metaspace       used 3671K, committed 3840K, reserved 1114112K
  class space    used 402K, committed 448K, reserved 1048576K
}
Event: 0.495 GC heap before
{Heap before GC invocations=1 (full 0):
 garbage-first heap   total 131072K, used 17632K [0x0000000081e00000, 0x0000000100000000)
  region size 1024K, 16 young (16384K), 2 survivors (2048K)
 Metaspace       used 5725K, committed 5888K, reserved 1114112K
  class space    used 692K, committed 768K, reserved 1048576K
}
Event: 0.498 GC heap after
{Heap after GC invocations=2 (full 0):
 garbage-first heap   total 131072K, used 4078K [0x0000000081e00000, 0x0000000100000000)
  region size 1024K, 1 young (1024K), 1 survivors (1024K)
 Metaspace       used 5725K, committed 5888K, reserved 1114112K
  class space    used 692K, committed 768K, reserved 1048576K
}
Event: 1.833 GC heap before
{Heap before GC invocations=2 (full 0):
 garbage-first heap   total 131072K, used 80878K [0x0000000081e00000, 0x0000000100000000)
  region size 1024K, 76 young (77824K), 1 survivors (1024K)
 Metaspace       used 15947K, committed 16128K, reserved 1114112K
  class space    used 1923K, committed 1984K, reserved 1048576K
}
Event: 1.839 GC heap after
{Heap after GC invocations=3 (full 0):
 garbage-first heap   total 131072K, used 9178K [0x0000000081e00000, 0x0000000100000000)
  region size 1024K, 6 young (6144K), 6 survivors (6144K)
 Metaspace       used 15947K, committed 16128K, reserved 1114112K
  class space    used 1923K, committed 1984K, reserved 1048576K
}

Deoptimization events (20 events):
Event: 1.753 Thread 0x000001358b1cb3f0 DEOPT PACKING pc=0x000001359a6ad324 sp=0x0000001398efbe60
Event: 1.753 Thread 0x000001358b1cb3f0 DEOPT UNPACKING pc=0x000001359a0123a3 sp=0x0000001398efbdf0 mode 2
Event: 1.781 Thread 0x000001358b1cb3f0 Uncommon trap: trap_request=0xffffff45 fr.pc=0x000001359a6892cc relative=0x00000000000000ac
Event: 1.781 Thread 0x000001358b1cb3f0 Uncommon trap: reason=unstable_if action=reinterpret pc=0x000001359a6892cc method=org.apache.maven.model.io.xpp3.MavenXpp3Reader.nextTag(Lorg/codehaus/plexus/util/xml/pull/XmlPullParser;)I @ 9 c2
Event: 1.781 Thread 0x000001358b1cb3f0 DEOPT PACKING pc=0x000001359a6892cc sp=0x0000001398efc570
Event: 1.781 Thread 0x000001358b1cb3f0 DEOPT UNPACKING pc=0x000001359a0123a3 sp=0x0000001398efc500 mode 2
Event: 1.787 Thread 0x000001358b1cb3f0 DEOPT PACKING pc=0x0000013592fa9304 sp=0x0000001398efbe70
Event: 1.787 Thread 0x000001358b1cb3f0 DEOPT UNPACKING pc=0x000001359a012b43 sp=0x0000001398efb3c8 mode 0
Event: 1.879 Thread 0x000001358b1cb3f0 Uncommon trap: trap_request=0xffffffc6 fr.pc=0x000001359a5ba728 relative=0x0000000000000368
Event: 1.879 Thread 0x000001358b1cb3f0 Uncommon trap: reason=bimorphic_or_optimized_type_check action=maybe_recompile pc=0x000001359a5ba728 method=java.nio.Buffer.<init>(IIIILjdk/internal/access/foreign/MemorySegmentProxy;)V @ 39 c2
Event: 1.879 Thread 0x000001358b1cb3f0 DEOPT PACKING pc=0x000001359a5ba728 sp=0x0000001398ef8060
Event: 1.879 Thread 0x000001358b1cb3f0 DEOPT UNPACKING pc=0x000001359a0123a3 sp=0x0000001398ef8008 mode 2
Event: 1.879 Thread 0x000001358b1cb3f0 Uncommon trap: trap_request=0xffffffc6 fr.pc=0x000001359a5ba728 relative=0x0000000000000368
Event: 1.879 Thread 0x000001358b1cb3f0 Uncommon trap: reason=bimorphic_or_optimized_type_check action=maybe_recompile pc=0x000001359a5ba728 method=java.nio.Buffer.<init>(IIIILjdk/internal/access/foreign/MemorySegmentProxy;)V @ 39 c2
Event: 1.879 Thread 0x000001358b1cb3f0 DEOPT PACKING pc=0x000001359a5ba728 sp=0x0000001398ef8060
Event: 1.879 Thread 0x000001358b1cb3f0 DEOPT UNPACKING pc=0x000001359a0123a3 sp=0x0000001398ef8008 mode 2
Event: 1.920 Thread 0x000001358b1cb3f0 Uncommon trap: trap_request=0xffffff45 fr.pc=0x000001359a5c73d4 relative=0x00000000000000b4
Event: 1.920 Thread 0x000001358b1cb3f0 Uncommon trap: reason=unstable_if action=reinterpret pc=0x000001359a5c73d4 method=java.util.regex.ASCII.isType(II)Z @ 6 c2
Event: 1.920 Thread 0x000001358b1cb3f0 DEOPT PACKING pc=0x000001359a5c73d4 sp=0x0000001398efc000
Event: 1.920 Thread 0x000001358b1cb3f0 DEOPT UNPACKING pc=0x000001359a0123a3 sp=0x0000001398efbe78 mode 2

Classes unloaded (0 events):
No events

Classes redefined (0 events):
No events

Internal exceptions (20 events):
Event: 1.045 Thread 0x000001358b1cb3f0 Exception <a 'java/lang/NoSuchMethodError'{0x0000000087f688e0}: 'java.lang.Object java.lang.invoke.Invokers$Holder.invokeExact_MT(java.lang.Object, int, java.lang.Object)'> (0x0000000087f688e0) 
thrown [s\open\src\hotspot\share\interpreter\linkResolver.cpp, line 759]
Event: 1.051 Thread 0x000001358b1cb3f0 Exception <a 'java/lang/NoSuchMethodError'{0x0000000087fbf2a8}: 'void java.lang.invoke.DirectMethodHandle$Holder.invokeStatic(java.lang.Object, java.lang.Object)'> (0x0000000087fbf2a8) 
thrown [s\open\src\hotspot\share\interpreter\linkResolver.cpp, line 759]
Event: 1.054 Thread 0x000001358b1cb3f0 Exception <a 'java/lang/NoSuchMethodError'{0x0000000087fcef00}: 'int java.lang.invoke.DirectMethodHandle$Holder.invokeSpecial(java.lang.Object, java.lang.Object, java.lang.Object, java.lang.Object)'> (0x0000000087fcef00) 
thrown [s\open\src\hotspot\share\interpreter\linkResolver.cpp, line 759]
Event: 1.222 Thread 0x000001358b1cb3f0 Exception <a 'java/lang/NoClassDefFoundError'{0x00000000877ebd30}: com/google/inject/servlet/ServletModuleTargetVisitor> (0x00000000877ebd30) 
thrown [s\open\src\hotspot\share\classfile\systemDictionary.cpp, line 245]
Event: 1.270 Thread 0x000001358b1cb3f0 Exception <a 'java/lang/NoSuchMethodError'{0x000000008746f9d8}: 'void java.lang.invoke.DirectMethodHandle$Holder.invokeVirtual(java.lang.Object, java.lang.Object)'> (0x000000008746f9d8) 
thrown [s\open\src\hotspot\share\interpreter\linkResolver.cpp, line 759]
Event: 1.284 Thread 0x000001358b1cb3f0 Exception <a 'java/lang/NoSuchMethodError'{0x00000000874f7a30}: 'java.lang.Object java.lang.invoke.DirectMethodHandle$Holder.invokeStaticInit(java.lang.Object, int, int, int, int)'> (0x00000000874f7a30) 
thrown [s\open\src\hotspot\share\interpreter\linkResolver.cpp, line 759]
Event: 1.531 Thread 0x000001358b1cb3f0 Implicit null exception at 0x000001359a6029ef to 0x000001359a602bdc
Event: 1.531 Thread 0x000001358b1cb3f0 Implicit null exception at 0x000001359a5f77e0 to 0x000001359a5f787a
Event: 1.531 Thread 0x000001358b1cb3f0 Implicit null exception at 0x000001359a6037ef to 0x000001359a6039cc
Event: 1.531 Thread 0x000001358b1cb3f0 Implicit null exception at 0x000001359a62f68f to 0x000001359a62f709
Event: 1.543 Thread 0x000001358b1cb3f0 Exception <a 'java/lang/NoSuchMethodError'{0x000000008653feb0}: 'java.lang.Object java.lang.invoke.DirectMethodHandle$Holder.newInvokeSpecial(java.lang.Object, java.lang.Object, java.lang.Object, java.lang.Object, java.lang.Object, java.lang.Object, java.lang.Object)'> (0x000000008653feb0) 
thrown [s\open\src\hotspot\share\interpreter\linkResolver.cpp, line 759]
Event: 1.544 Thread 0x000001358b1cb3f0 Exception <a 'java/lang/NoSuchMethodError'{0x00000000865447c0}: 'java.lang.Object java.lang.invoke.Invokers$Holder.linkToTargetMethod(java.lang.Object, java.lang.Object, java.lang.Object, java.lang.Object, java.lang.Object, java.lang.Object, java.lang.Object)'> (0x00000000865447c0) 
thrown [s\open\src\hotspot\share\interpreter\linkResolver.cpp, line 759]
Event: 1.701 Thread 0x000001358b1cb3f0 Exception <a 'java/lang/NoSuchMethodError'{0x0000000085b23db8}: 'java.lang.Object java.lang.invoke.DirectMethodHandle$Holder.invokeVirtual(java.lang.Object, java.lang.Object, java.lang.Object)'> (0x0000000085b23db8) 
thrown [s\open\src\hotspot\share\interpreter\linkResolver.cpp, line 759]
Event: 1.702 Thread 0x000001358b1cb3f0 Exception <a 'java/lang/NoSuchMethodError'{0x0000000085b2b320}: 'void java.lang.invoke.DirectMethodHandle$Holder.invokeSpecial(java.lang.Object, java.lang.Object, java.lang.Object, java.lang.Object, java.lang.Object, java.lang.Object)'> (0x0000000085b2b320) 
thrown [s\open\src\hotspot\share\interpreter\linkResolver.cpp, line 759]
Event: 1.703 Thread 0x000001358b1cb3f0 Exception <a 'java/lang/NoSuchMethodError'{0x0000000085b36938}: 'int java.lang.invoke.DirectMethodHandle$Holder.invokeVirtual(java.lang.Object, java.lang.Object)'> (0x0000000085b36938) 
thrown [s\open\src\hotspot\share\interpreter\linkResolver.cpp, line 759]
Event: 1.948 Thread 0x000001358b1cb3f0 Exception <a 'java/lang/NoSuchMethodError'{0x00000000898f1f18}: 'int java.lang.invoke.DirectMethodHandle$Holder.invokeInterface(java.lang.Object, java.lang.Object)'> (0x00000000898f1f18) 
thrown [s\open\src\hotspot\share\interpreter\linkResolver.cpp, line 759]
Event: 1.955 Thread 0x000001358b1cb3f0 Exception <a 'sun/nio/fs/WindowsException'{0x0000000089729ee0}> (0x0000000089729ee0) 
thrown [s\open\src\hotspot\share\prims\jni.cpp, line 516]
Event: 1.955 Thread 0x000001358b1cb3f0 Exception <a 'sun/nio/fs/WindowsException'{0x000000008972a348}> (0x000000008972a348) 
thrown [s\open\src\hotspot\share\prims\jni.cpp, line 516]
Event: 1.955 Thread 0x000001358b1cb3f0 Exception <a 'java/lang/NoSuchMethodError'{0x00000000897327e8}: 'int java.lang.invoke.DirectMethodHandle$Holder.invokeVirtual(java.lang.Object, java.lang.Object, java.lang.Object)'> (0x00000000897327e8) 
thrown [s\open\src\hotspot\share\interpreter\linkResolver.cpp, line 759]
Event: 1.956 Thread 0x000001358b1cb3f0 Exception <a 'java/lang/NoSuchMethodError'{0x0000000089738d08}: 'void java.lang.invoke.DirectMethodHandle$Holder.invokeInterface(java.lang.Object, java.lang.Object, java.lang.Object)'> (0x0000000089738d08) 
thrown [s\open\src\hotspot\share\interpreter\linkResolver.cpp, line 759]

VM Operations (20 events):
Event: 1.347 Executing VM operation: HandshakeAllThreads
Event: 1.347 Executing VM operation: HandshakeAllThreads done
Event: 1.428 Executing VM operation: HandshakeAllThreads
Event: 1.428 Executing VM operation: HandshakeAllThreads done
Event: 1.429 Executing VM operation: HandshakeAllThreads
Event: 1.429 Executing VM operation: HandshakeAllThreads done
Event: 1.429 Executing VM operation: HandshakeAllThreads
Event: 1.429 Executing VM operation: HandshakeAllThreads done
Event: 1.429 Executing VM operation: ICBufferFull
Event: 1.429 Executing VM operation: ICBufferFull done
Event: 1.654 Executing VM operation: ICBufferFull
Event: 1.654 Executing VM operation: ICBufferFull done
Event: 1.833 Executing VM operation: G1CollectForAllocation
Event: 1.839 Executing VM operation: G1CollectForAllocation done
Event: 1.839 Executing VM operation: HandshakeAllThreads
Event: 1.839 Executing VM operation: HandshakeAllThreads done
Event: 1.923 Executing VM operation: HandshakeAllThreads
Event: 1.923 Executing VM operation: HandshakeAllThreads done
Event: 1.947 Executing VM operation: HandshakeAllThreads
Event: 1.947 Executing VM operation: HandshakeAllThreads done

Events (20 events):
Event: 1.928 loading class java/util/MissingResourceException
Event: 1.928 loading class java/util/MissingResourceException done
Event: 1.930 loading class java/util/ResourceBundle$CacheKey
Event: 1.930 loading class java/util/ResourceBundle$CacheKey done
Event: 1.930 loading class java/util/ResourceBundle$KeyElementReference
Event: 1.930 loading class java/util/ResourceBundle$CacheKeyReference
Event: 1.930 loading class java/util/ResourceBundle$CacheKeyReference done
Event: 1.930 loading class java/util/ResourceBundle$KeyElementReference done
Event: 1.930 loading class java/util/ResourceBundle$3
Event: 1.930 loading class java/util/ResourceBundle$3 done
Event: 1.932 loading class java/util/ResourceBundle$BundleReference
Event: 1.932 loading class java/util/ResourceBundle$BundleReference done
Event: 1.944 loading class java/util/ServiceLoader$ProviderSpliterator
Event: 1.944 loading class java/util/ServiceLoader$ProviderSpliterator done
Event: 1.955 loading class sun/nio/fs/WindowsDirectoryStream
Event: 1.955 loading class java/nio/file/DirectoryStream
Event: 1.955 loading class java/nio/file/DirectoryStream done
Event: 1.955 loading class sun/nio/fs/WindowsDirectoryStream done
Event: 1.981 loading class java/nio/file/ClosedFileSystemException
Event: 1.981 loading class java/nio/file/ClosedFileSystemException done


Dynamic libraries:
0x00007ff6ad150000 - 0x00007ff6ad160000 	C:\Program Files\Java\jdk-17\bin\java.exe
0x00007fff1c4d0000 - 0x00007fff1c6c8000 	C:\WINDOWS\SYSTEM32\ntdll.dll
0x00007fff1bde0000 - 0x00007fff1bea2000 	C:\WINDOWS\System32\KERNEL32.DLL
0x00007fff1a000000 - 0x00007fff1a2fe000 	C:\WINDOWS\System32\KERNELBASE.dll
0x00007fff19ce0000 - 0x00007fff19de0000 	C:\WINDOWS\System32\ucrtbase.dll
0x00007fff158f0000 - 0x00007fff15909000 	C:\Program Files\Java\jdk-17\bin\jli.dll
0x00007fff1ac10000 - 0x00007fff1acc2000 	C:\WINDOWS\System32\ADVAPI32.dll
0x00007fff1a650000 - 0x00007fff1a6ee000 	C:\WINDOWS\System32\msvcrt.dll
0x00007fff1c3f0000 - 0x00007fff1c490000 	C:\WINDOWS\System32\sechost.dll
0x00007ffedc610000 - 0x00007ffedc62b000 	C:\Program Files\Java\jdk-17\bin\VCRUNTIME140.dll
0x00007fff1a520000 - 0x00007fff1a643000 	C:\WINDOWS\System32\RPCRT4.dll
0x00007fff1a420000 - 0x00007fff1a447000 	C:\WINDOWS\System32\bcrypt.dll
0x00007fff1b7b0000 - 0x00007fff1b94d000 	C:\WINDOWS\System32\USER32.dll
0x00007fff19c00000 - 0x00007fff19c22000 	C:\WINDOWS\System32\win32u.dll
0x00007fff1a4f0000 - 0x00007fff1a51b000 	C:\WINDOWS\System32\GDI32.dll
0x00007fff04dd0000 - 0x00007fff0506a000 	C:\WINDOWS\WinSxS\amd64_microsoft.windows.common-controls_6595b64144ccf1df_6.0.19041.4355_none_60b8b9eb71f62e16\COMCTL32.dll
0x00007fff1a300000 - 0x00007fff1a417000 	C:\WINDOWS\System32\gdi32full.dll
0x00007fff1a450000 - 0x00007fff1a4ed000 	C:\WINDOWS\System32\msvcp_win.dll
0x00007fff12670000 - 0x00007fff1267a000 	C:\WINDOWS\SYSTEM32\VERSION.dll
0x00007fff1b960000 - 0x00007fff1b98f000 	C:\WINDOWS\System32\IMM32.DLL
0x00007ffeefc30000 - 0x00007ffeefc3c000 	C:\Program Files\Java\jdk-17\bin\vcruntime140_1.dll
0x00007ffedc6a0000 - 0x00007ffedc72e000 	C:\Program Files\Java\jdk-17\bin\msvcp140.dll
0x00007ffed7800000 - 0x00007ffed83e0000 	C:\Program Files\Java\jdk-17\bin\server\jvm.dll
0x00007fff1b7a0000 - 0x00007fff1b7a8000 	C:\WINDOWS\System32\PSAPI.DLL
0x00007fff0b4f0000 - 0x00007fff0b517000 	C:\WINDOWS\SYSTEM32\WINMM.dll
0x00007fff06540000 - 0x00007fff06549000 	C:\WINDOWS\SYSTEM32\WSOCK32.dll
0x00007fff1af20000 - 0x00007fff1af8b000 	C:\WINDOWS\System32\WS2_32.dll
0x00007fff17720000 - 0x00007fff17732000 	C:\WINDOWS\SYSTEM32\kernel.appcore.dll
0x00007ffeeb470000 - 0x00007ffeeb47a000 	C:\Program Files\Java\jdk-17\bin\jimage.dll
0x00007fff08f10000 - 0x00007fff090f4000 	C:\WINDOWS\SYSTEM32\DBGHELP.DLL
0x00007ffef24c0000 - 0x00007ffef24f4000 	C:\WINDOWS\SYSTEM32\dbgcore.DLL
0x00007fff19b70000 - 0x00007fff19bf2000 	C:\WINDOWS\System32\bcryptPrimitives.dll
0x00007ffedc120000 - 0x00007ffedc145000 	C:\Program Files\Java\jdk-17\bin\java.dll
0x00007ffedc040000 - 0x00007ffedc117000 	C:\Program Files\Java\jdk-17\bin\jsvml.dll
0x00007fff1af90000 - 0x00007fff1b6ff000 	C:\WINDOWS\System32\SHELL32.dll
0x00007fff17920000 - 0x00007fff180c4000 	C:\WINDOWS\SYSTEM32\windows.storage.dll
0x00007fff1bf70000 - 0x00007fff1c2c3000 	C:\WINDOWS\System32\combase.dll
0x00007fff195a0000 - 0x00007fff195ce000 	C:\WINDOWS\SYSTEM32\Wldp.dll
0x00007fff1bb40000 - 0x00007fff1bc0d000 	C:\WINDOWS\System32\OLEAUT32.dll
0x00007fff1ab60000 - 0x00007fff1ac0d000 	C:\WINDOWS\System32\SHCORE.dll
0x00007fff1acd0000 - 0x00007fff1ad25000 	C:\WINDOWS\System32\shlwapi.dll
0x00007fff19aa0000 - 0x00007fff19ac4000 	C:\WINDOWS\SYSTEM32\profapi.dll
0x00007ffedc020000 - 0x00007ffedc039000 	C:\Program Files\Java\jdk-17\bin\net.dll
0x00007fff18ad0000 - 0x00007fff18bdd000 	C:\WINDOWS\SYSTEM32\WINHTTP.dll
0x00007fff19300000 - 0x00007fff1936a000 	C:\WINDOWS\system32\mswsock.dll
0x00007ffedc000000 - 0x00007ffedc016000 	C:\Program Files\Java\jdk-17\bin\nio.dll
0x00007ffedbfa0000 - 0x00007ffedbfb8000 	C:\Program Files\Java\jdk-17\bin\zip.dll
0x0000000069ac0000 - 0x0000000069ae4000 	C:\Program Files\NetBeans-19\netbeans\java\maven\lib\jansi-native\Windows\x86_64\jansi.dll
0x00007ffee9750000 - 0x00007ffee9760000 	C:\Program Files\Java\jdk-17\bin\verify.dll

dbghelp: loaded successfully - version: 4.0.5 - missing functions: none
symbol engine: initialized successfully - sym options: 0x614 - pdb path: .;C:\Program Files\Java\jdk-17\bin;C:\WINDOWS\SYSTEM32;C:\WINDOWS\WinSxS\amd64_microsoft.windows.common-controls_6595b64144ccf1df_6.0.19041.4355_none_60b8b9eb71f62e16;C:\Program Files\Java\jdk-17\bin\server;C:\Program Files\NetBeans-19\netbeans\java\maven\lib\jansi-native\Windows\x86_64

VM Arguments:
jvm_args: -Dclassworlds.conf=C:\Program Files\NetBeans-19\netbeans\java\maven\bin\m2.conf -Dmaven.home=C:\Program Files\NetBeans-19\netbeans\java\maven -Dlibrary.jansi.path=C:\Program Files\NetBeans-19\netbeans\java\maven\lib\jansi-native -Dmaven.multiModuleProjectDirectory=C:\Users\st75698\Documents\NetBeansProjects\Cviceni05 
java_command: org.codehaus.plexus.classworlds.launcher.Launcher -Dexec.vmArgs= -Dexec.args=${exec.vmArgs} -classpath %classpath ${exec.mainClass} ${exec.appArgs} -Dexec.executable=C:\Program Files\Java\jdk-17\bin\java.exe -Dexec.mainClass=cz.upce.fei.cviceni05.Cviceni05 -Dexec.classpathScope=runtime -Dexec.appArgs= -Dmaven.ext.class.path=C:\Program Files\NetBeans-19\netbeans\java\maven-nblib\netbeans-eventspy.jar -Dfile.encoding=UTF-8 --no-transfer-progress process-classes org.codehaus.mojo:exec-maven-plugin:3.1.0:exec
java_class_path (initial): C:\Program Files\NetBeans-19\netbeans\java\maven\boot\plexus-classworlds-2.7.0.jar
Launcher Type: SUN_STANDARD

[Global flags]
     intx CICompilerCount                          = 3                                         {product} {ergonomic}
     uint ConcGCThreads                            = 1                                         {product} {ergonomic}
     uint G1ConcRefinementThreads                  = 4                                         {product} {ergonomic}
   size_t G1HeapRegionSize                         = 1048576                                   {product} {ergonomic}
    uintx GCDrainStackTargetSize                   = 64                                        {product} {ergonomic}
   size_t InitialHeapSize                          = 134217728                                 {product} {ergonomic}
   size_t MarkStackSize                            = 4194304                                   {product} {ergonomic}
   size_t MaxHeapSize                              = 2116026368                                {product} {ergonomic}
   size_t MaxNewSize                               = 1268776960                                {product} {ergonomic}
   size_t MinHeapDeltaBytes                        = 1048576                                   {product} {ergonomic}
   size_t MinHeapSize                              = 8388608                                   {product} {ergonomic}
    uintx NonNMethodCodeHeapSize                   = 5832780                                {pd product} {ergonomic}
    uintx NonProfiledCodeHeapSize                  = 122912730                              {pd product} {ergonomic}
    uintx ProfiledCodeHeapSize                     = 122912730                              {pd product} {ergonomic}
    uintx ReservedCodeCacheSize                    = 251658240                              {pd product} {ergonomic}
     bool SegmentedCodeCache                       = true                                      {product} {ergonomic}
   size_t SoftMaxHeapSize                          = 2116026368                             {manageable} {ergonomic}
     bool UseCompressedClassPointers               = true                           {product lp64_product} {ergonomic}
     bool UseCompressedOops                        = true                           {product lp64_product} {ergonomic}
     bool UseG1GC                                  = true                                      {product} {ergonomic}
     bool UseLargePagesIndividualAllocation        = false                                  {pd product} {ergonomic}

Logging:
Log output configuration:
 #0: stdout all=warning uptime,level,tags
 #1: stderr all=off uptime,level,tags

Environment Variables:
JAVA_HOME=C:\Program Files\Java\jdk-17
PATH=C:\Program Files\Python312\Scripts\;C:\Program Files\Python312\;C:\Program Files\Common Files\Oracle\Java\javapath;C:\Python311\Scripts\;C:\Python311\;C:\Program Files\Python39\Scripts\;C:\Program Files\Python39\;C:\Program Files\CollabNet\Subversion Client;C:\WINDOWS\system32;C:\WINDOWS;C:\WINDOWS\System32\Wbem;C:\WINDOWS\System32\WindowsPowerShell\v1.0\;C:\WINDOWS\System32\OpenSSH\;C:\Program Files\TortoiseSVN\bin;C:\Program Files\dotnet\;C:\Program Files\Microsoft SQL Server\130\Tools\Binn\;C:\Program Files\Microsoft SQL Server\150\Tools\Binn\;C:\Program Files\Microsoft SQL Server\Client SDK\ODBC\170\Tools\Binn\;C:\ProgramData\chocolatey\bin;C:\Program Files (x86)\dotnet\;C:\WINDOWS\system32;C:\WINDOWS;C:\WINDOWS\System32\Wbem;C:\WINDOWS\System32\WindowsPowerShell\v1.0\;C:\WINDOWS\System32\OpenSSH\;C:\Program Files\Matlab\2023b\runtime\win64;C:\Program Files\Matlab\2023b\bin;C:\Program Files\nodejs\;C:\Users\st75698\AppData\Local\Microsoft\WindowsApps;
USERNAME=st75698
OS=Windows_NT
PROCESSOR_IDENTIFIER=Intel64 Family 6 Model 158 Stepping 9, GenuineIntel



---------------  S Y S T E M  ---------------

OS:
 Windows 10 , 64 bit Build 19041 (10.0.19041.4957)
OS uptime: 0 days 0:43 hours

CPU: total 4 (initial active 4) (4 cores per cpu, 1 threads per core) family 6 model 158 stepping 9 microcode 0xf4, cx8, cmov, fxsr, mmx, 3dnowpref, sse, sse2, sse3, ssse3, sse4.1, sse4.2, popcnt, lzcnt, tsc, tscinvbit, avx, avx2, aes, erms, clmul, bmi1, bmi2, rtm, adx, fma, vzeroupper, clflush, clflushopt

Memory: 4k page, system-wide physical 8067M (2687M free)
TotalPageFile size 9347M (AvailPageFile size 3521M)
current process WorkingSet (physical memory assigned to process): 188M, peak: 188M
current process commit charge ("private bytes"): 257M, peak: 257M

vm_info: Java HotSpot(TM) 64-Bit Server VM (17.0.12+8-LTS-286) for windows-amd64 JRE (17.0.12+8-LTS-286), built on Jun  5 2024 06:46:59 by "mach5one" with MS VC++ 17.6 (VS2022)

END.
